Thu, 06 Aug 2009 23:49:19 INFO     Starting the standAloneServerCreation script ...
Thu, 06 Aug 2009 23:49:19 INFO     wasNDVersion? N
Thu, 06 Aug 2009 23:49:19 INFO     appDepMode is S
Thu, 06 Aug 2009 23:49:19 INFO     DBMSMode is S
Thu, 06 Aug 2009 23:49:19 INFO     dbType is D
Thu, 06 Aug 2009 23:49:21 INFO     J2C Alias Created...
Thu, 06 Aug 2009 23:49:24 INFO     JDBC providers Created...
Thu, 06 Aug 2009 23:49:25 ERROR    Exception occurred while creating Data Sources..
Thu, 06 Aug 2009 23:49:25 ERROR    com.ibm.websphere.management.cmdframework.CommandException
com.ibm.websphere.management.exception.ConfigServiceException: ADMG0037E: A new instance of the DataSource object cannot be created because the jndiName attribute of an existing DataSource object has the same value as jdbc/MCDataSource.

Thu, 06 Aug 2009 23:50:44 INFO     Starting the standAloneServerCreation script ...
Thu, 06 Aug 2009 23:50:44 INFO     wasNDVersion? N
Thu, 06 Aug 2009 23:50:44 INFO     appDepMode is S
Thu, 06 Aug 2009 23:50:44 INFO     DBMSMode is S
Thu, 06 Aug 2009 23:50:44 INFO     dbType is D
Thu, 06 Aug 2009 23:50:45 INFO     J2C Alias Created...
Thu, 06 Aug 2009 23:50:48 INFO     JDBC providers Created...
Thu, 06 Aug 2009 23:50:49 INFO     JDBC providers Created...
Thu, 06 Aug 2009 23:50:50 INFO     Data Source Created...
Thu, 06 Aug 2009 23:50:52 INFO     Virtual Hosts Created
Thu, 06 Aug 2009 23:50:54 INFO     All configurations done successfully...
