Thu, 06 Aug 2009 18:51:51 INFO     Starting the InstallApp script ...
Thu, 06 Aug 2009 18:51:51 INFO     appDepMode is S
Thu, 06 Aug 2009 18:51:51 ERROR    Exception occurred while installing application..
Thu, 06 Aug 2009 18:51:51 ERROR    WASX7279E: An application with name "BancsEAR" already exists. Select a different name.
Thu, 06 Aug 2009 18:52:29 INFO     Starting the InstallApp script ...
Thu, 06 Aug 2009 18:52:29 INFO     appDepMode is S
Thu, 06 Aug 2009 18:52:29 ERROR    Exception occurred while installing application..
Thu, 06 Aug 2009 18:52:29 ERROR    WASX7279E: An application with name "BancsEAR" already exists. Select a different name.
Thu, 06 Aug 2009 18:59:38 INFO     Starting the InstallApp script ...
Thu, 06 Aug 2009 18:59:38 INFO     appDepMode is S
Thu, 06 Aug 2009 18:59:38 ERROR    Exception occurred while installing application..
Thu, 06 Aug 2009 18:59:38 ERROR    WASX7115E: Cannot read input file "/home/was6/OnsiteDelivery/DeliveryTesting/July24HUBTest/HUBCOE/HUB/install/BancsEAR.ear"
Thu, 06 Aug 2009 19:01:13 INFO     Starting the InstallApp script ...
Thu, 06 Aug 2009 19:01:13 INFO     appDepMode is S
Thu, 06 Aug 2009 19:01:13 ERROR    Exception occurred while installing application..
Thu, 06 Aug 2009 19:01:13 ERROR    WASX7115E: Cannot read input file "/home/was6/OnsiteDelivery/DeliveryTesting/July24HUBTest/HUBCOE/HUBBancsEAR.ear"
Thu, 06 Aug 2009 19:01:58 INFO     Starting the InstallApp script ...
Thu, 06 Aug 2009 19:01:58 INFO     appDepMode is S
Thu, 06 Aug 2009 19:05:48 INFO     Application BancsEAR installed successfully.
Thu, 06 Aug 2009 19:09:03 INFO     Starting the InstallApp script ...
Thu, 06 Aug 2009 19:09:03 INFO     appDepMode is S
Thu, 06 Aug 2009 19:09:03 ERROR    Exception occurred while installing application..
Thu, 06 Aug 2009 19:09:03 ERROR    WASX7279E: An application with name "BancsEAR" already exists. Select a different name.
Thu, 06 Aug 2009 19:32:46 INFO     Starting the InstallApp script ...
Thu, 06 Aug 2009 19:32:47 INFO     appDepMode is S
Thu, 06 Aug 2009 19:36:25 INFO     Application BancsEAR installed successfully.
Thu, 06 Aug 2009 21:25:50 INFO     Starting the InstallApp script ...
Thu, 06 Aug 2009 21:25:50 INFO     appDepMode is S
Thu, 06 Aug 2009 21:25:50 ERROR    Exception occurred while installing application..
Thu, 06 Aug 2009 21:25:50 ERROR    WASX7279E: An application with name "BancsEAR" already exists. Select a different name.
Thu, 06 Aug 2009 21:45:01 INFO     Starting the InstallApp script ...
Thu, 06 Aug 2009 21:45:01 INFO     appDepMode is S
Thu, 06 Aug 2009 21:45:01 ERROR    Exception occurred while installing application..
Thu, 06 Aug 2009 21:45:01 ERROR    WASX7279E: An application with name "BancsEAR" already exists. Select a different name.
Thu, 06 Aug 2009 21:47:39 INFO     Starting the InstallApp script ...
Thu, 06 Aug 2009 21:47:39 INFO     appDepMode is S
Thu, 06 Aug 2009 21:47:39 ERROR    Exception occurred while installing application..
Thu, 06 Aug 2009 21:47:39 ERROR    WASX7279E: An application with name "BancsEAR" already exists. Select a different name.
Thu, 06 Aug 2009 21:48:16 INFO     Starting the InstallApp script ...
Thu, 06 Aug 2009 21:48:16 INFO     appDepMode is S
Thu, 06 Aug 2009 21:48:16 ERROR    Exception occurred while installing application..
Thu, 06 Aug 2009 21:48:16 ERROR    WASX7279E: An application with name "BancsEAR" already exists. Select a different name.
Thu, 06 Aug 2009 22:05:29 INFO     Starting the InstallApp script ...
Thu, 06 Aug 2009 22:05:29 INFO     appDepMode is S
Thu, 06 Aug 2009 22:09:11 INFO     Application BancsEAR installed successfully.
Thu, 06 Aug 2009 23:34:45 INFO     Starting the InstallApp script ...
Thu, 06 Aug 2009 23:34:45 INFO     appDepMode is S
Thu, 06 Aug 2009 23:38:16 INFO     Application BancsEAR installed successfully.
